{"numFailedTestSuites":0,"numFailedTests":0,"numPassedTestSuites":1,"numPassedTests":5,"numPendingTestSuites":0,"numPendingTests":0,"numRuntimeErrorTestSuites":0,"numTotalTestSuites":1,"numTotalTests":5,"openHandles":[],"snapshot":{"added":0,"didUpdate":false,"failure":false,"filesAdded":0,"filesRemoved":0,"filesUnmatched":0,"filesUpdated":0,"matched":0,"total":0,"unchecked":0,"uncheckedKeysByFile":[],"unmatched":0,"updated":0},"startTime":1553609879950,"success":true,"testResults":[{"console":null,"failureMessage":null,"numFailingTests":0,"numPassingTests":5,"numPendingTests":0,"perfStats":{"end":1553609883427,"start":1553609881248},"snapshot":{"added":0,"fileDeleted":false,"matched":0,"unchecked":0,"unmatched":0,"updated":0,"uncheckedKeys":[]},"testFilePath":"/Users/corinne/Desktop/elevation/react-intro-lesson-solution/tests/ex-2.test.js","testResults":[{"ancestorTitles":["exercise2"],"duration":14,"failureMessages":[],"fullName":"exercise2 Application should render without crashing","location":null,"numPassingAsserts":0,"status":"passed","title":"Application should render without crashing"},{"ancestorTitles":["exercise2"],"duration":24,"failureMessages":[],"fullName":"exercise2 Passing a parameter above 30 should create a div with a class of 'hell-scape'","location":null,"numPassingAsserts":0,"status":"passed","title":"Passing a parameter above 30 should create a div with a class of 'hell-scape'"},{"ancestorTitles":["exercise2"],"duration":2,"failureMessages":[],"fullName":"exercise2 Passing a parameter between 15 and 30 should create a div with a class of 'fair'","location":null,"numPassingAsserts":0,"status":"passed","title":"Passing a parameter between 15 and 30 should create a div with a class of 'fair'"},{"ancestorTitles":["exercise2"],"duration":1,"failureMessages":[],"fullName":"exercise2 Passing a parameter below 15 should create a div with a class of 'freezing'","location":null,"numPassingAsserts":0,"status":"passed","title":"Passing a parameter below 15 should create a div with a class of 'freezing'"},{"ancestorTitles":["exercise2"],"duration":14,"failureMessages":[],"fullName":"exercise2 Your render function should return a div with a className equal to your getClassName function","location":null,"numPassingAsserts":0,"status":"passed","title":"Your render function should return a div with a className equal to your getClassName function"}],"sourceMaps":{},"skipped":false,"leaks":false}],"wasInterrupted":false}