{"numFailedTestSuites":0,"numFailedTests":0,"numPassedTestSuites":1,"numPassedTests":3,"numPendingTestSuites":0,"numPendingTests":0,"numRuntimeErrorTestSuites":0,"numTotalTestSuites":1,"numTotalTests":3,"openHandles":[],"snapshot":{"added":0,"didUpdate":false,"failure":false,"filesAdded":0,"filesRemoved":0,"filesUnmatched":0,"filesUpdated":0,"matched":0,"total":0,"unchecked":0,"uncheckedKeysByFile":[],"unmatched":0,"updated":0},"startTime":1554046717610,"success":true,"testResults":[{"console":null,"failureMessage":null,"numFailingTests":0,"numPassingTests":3,"numPendingTests":0,"perfStats":{"end":1554046721493,"start":1554046719148},"snapshot":{"added":0,"fileDeleted":false,"matched":0,"unchecked":0,"unmatched":0,"updated":0,"uncheckedKeys":[]},"testFilePath":"/Users/corinne/Desktop/elevation/react-components/react-components-solution/tests/spot-checks/spot-check-5.test.js","testResults":[{"ancestorTitles":["spotcheck5"],"duration":20,"failureMessages":[],"fullName":"spotcheck5 Application should render without crashing","location":null,"numPassingAsserts":0,"status":"passed","title":"Application should render without crashing"},{"ancestorTitles":["spotcheck5"],"duration":26,"failureMessages":[],"fullName":"spotcheck5 Your About component should render your SignUp component","location":null,"numPassingAsserts":0,"status":"passed","title":"Your About component should render your SignUp component"},{"ancestorTitles":["spotcheck5"],"duration":6,"failureMessages":[],"fullName":"spotcheck5 Your About component should render your SignUp component","location":null,"numPassingAsserts":0,"status":"passed","title":"Your About component should render your SignUp component"}],"sourceMaps":{},"skipped":false,"leaks":false}],"wasInterrupted":false}